TN:
SF:src\router.ts
FN:36,(anonymous_0)
FN:58,(anonymous_1)
FNF:2
FNH:2
FNDA:4,(anonymous_0)
FNDA:5,(anonymous_1)
DA:1,2
DA:2,2
DA:3,2
DA:11,2
DA:13,2
DA:17,2
DA:18,2
DA:25,2
DA:36,4
DA:43,2
DA:58,5
DA:68,2
DA:75,2
DA:82,2
LF:14
LH:14
BRF:0
BRH:0
end_of_record
TN:
SF:src\server.ts
FN:7,connectDB
FN:31,(anonymous_2)
FNF:2
FNH:2
FNDA:3,connectDB
FNDA:1,(anonymous_2)
DA:1,2
DA:2,2
DA:3,2
DA:4,2
DA:7,2
DA:8,3
DA:9,3
DA:10,2
DA:15,1
DA:18,2
DA:21,2
DA:25,2
DA:27,2
DA:31,2
DA:32,1
DA:34,2
LF:16
LH:16
BRF:0
BRH:0
end_of_record
TN:
SF:src\config\db.ts
FNF:0
FNH:0
DA:1,2
DA:2,2
DA:4,2
DA:9,2
DA:14,2
LF:5
LH:5
BRF:0
BRH:0
end_of_record
TN:
SF:src\handlers\product.ts
FN:4,(anonymous_1)
FN:16,(anonymous_2)
FN:28,(anonymous_3)
FN:33,(anonymous_4)
FN:55,(anonymous_5)
FN:80,(anonymous_6)
FNF:6
FNH:6
FNDA:2,(anonymous_1)
FNDA:2,(anonymous_2)
FNDA:1,(anonymous_3)
FNDA:2,(anonymous_4)
FNDA:2,(anonymous_5)
FNDA:2,(anonymous_6)
DA:2,2
DA:4,2
DA:5,2
DA:10,2
DA:16,2
DA:17,2
DA:18,2
DA:20,2
DA:21,1
DA:25,1
DA:28,2
DA:29,1
DA:30,1
DA:33,2
DA:34,2
DA:35,2
DA:39,2
DA:40,1
DA:47,1
DA:48,1
DA:52,1
DA:55,2
DA:57,2
DA:58,2
DA:62,2
DA:63,1
DA:70,1
DA:73,1
DA:74,1
DA:75,1
DA:80,2
DA:81,2
DA:82,2
DA:86,2
DA:87,1
DA:92,1
DA:93,1
LF:37
LH:37
BRDA:20,0,0,1
BRDA:39,1,0,1
BRDA:62,2,0,1
BRDA:86,3,0,1
BRF:4
BRH:4
end_of_record
TN:
SF:src\midlleware\index.ts
FN:4,(anonymous_0)
FNF:1
FNH:1
FNDA:17,(anonymous_0)
DA:2,2
DA:4,2
DA:7,17
DA:8,17
DA:9,8
DA:12,9
LF:6
LH:6
BRDA:8,0,0,8
BRF:1
BRH:1
end_of_record
TN:
SF:src\models\Product.Model.ts
FNF:0
FNH:0
DA:1,3
DA:8,3
DA:12,3
DA:17,3
DA:23,3
DA:26,3
LF:6
LH:6
BRF:0
BRH:0
end_of_record
